<?xml version="1.0" encoding="UTF-8"?>
<testng-results skipped="0" failed="0" ignored="0" total="1" passed="1">
  <reporter-output>
  </reporter-output>
  <suite name="TestNgMavenExampleSuite" duration-ms="26341" started-at="2020-11-10T18:00:50 IST" finished-at="2020-11-10T18:01:17 IST">
    <groups>
    </groups>
    <test name="TestNgMavenTest" duration-ms="26341" started-at="2020-11-10T18:00:50 IST" finished-at="2020-11-10T18:01:17 IST">
      <class name="test111.googletest">
        <test-method status="PASS" signature="testSetUp()[pri:0, instance:test111.googletest@617faa95]" name="testSetUp" is-config="true" duration-ms="17671" started-at="2020-11-10T18:00:50 IST" finished-at="2020-11-10T18:01:08 IST">
          <reporter-output>
          </reporter-output>
        </test-method> <!-- testSetUp -->
        <test-method status="PASS" signature="verifyGooglePageTittle()[pri:0, instance:test111.googletest@617faa95]" name="verifyGooglePageTittle" duration-ms="5505" started-at="2020-11-10T18:01:08 IST" finished-at="2020-11-10T18:01:14 IST">
          <reporter-output>
          </reporter-output>
        </test-method> <!-- verifyGooglePageTittle -->
        <test-method status="PASS" signature="tearDown()[pri:0, instance:test111.googletest@617faa95]" name="tearDown" is-config="true" duration-ms="2914" started-at="2020-11-10T18:01:14 IST" finished-at="2020-11-10T18:01:17 IST">
          <reporter-output>
          </reporter-output>
        </test-method> <!-- tearDown -->
      </class> <!-- test111.googletest -->
    </test> <!-- TestNgMavenTest -->
  </suite> <!-- TestNgMavenExampleSuite -->
</testng-results>
